c:\users\曾志韬\desktop\testpg4\pg\release\vc142.pdb
c:\users\曾志韬\desktop\testpg4\pg\release\myparser.obj
c:\users\曾志韬\desktop\testpg4\pg\release\mylexer.obj
c:\users\曾志韬\desktop\testpg4\pg\release\varlist.obj
c:\users\曾志韬\desktop\testpg4\pg\release\treenodetypecheck.obj
c:\users\曾志韬\desktop\testpg4\pg\release\treenodedisplay.obj
c:\users\曾志韬\desktop\testpg4\pg\release\treenodecode.obj
c:\users\曾志韬\desktop\testpg4\pg\release\treenodebuild.obj
c:\users\曾志韬\desktop\testpg4\release\pg.exe
c:\users\曾志韬\desktop\testpg4\release\pg.pdb
c:\users\曾志韬\desktop\testpg4\release\pg.ipdb
c:\users\曾志韬\desktop\testpg4\release\pg.iobj
c:\users\曾志韬\desktop\testpg4\pg\release\pg.tlog\cl.command.1.tlog
c:\users\曾志韬\desktop\testpg4\pg\release\pg.tlog\cl.read.1.tlog
c:\users\曾志韬\desktop\testpg4\pg\release\pg.tlog\cl.write.1.tlog
c:\users\曾志韬\desktop\testpg4\pg\release\pg.tlog\link.command.1.tlog
c:\users\曾志韬\desktop\testpg4\pg\release\pg.tlog\link.delete.1.tlog
c:\users\曾志韬\desktop\testpg4\pg\release\pg.tlog\link.read.1.tlog
c:\users\曾志韬\desktop\testpg4\pg\release\pg.tlog\link.write.1.tlog
c:\users\曾志韬\desktop\testpg4\pg\release\pg.tlog\pg.write.1u.tlog
